<?xml version="1.0" encoding="UTF-8"?>
<!-- Generated by org.testng.reporters.JUnitReportReporter -->
<testsuite hostname="DESKTOP-Q75J1RK" failures="0" tests="1" name="com.simplilearn.testng.TestNG_Demo.FirstTest" time="0.018" errors="0" timestamp="2022-03-17T11:06:37 IST" skipped="0">
  <testcase classname="com.simplilearn.testng.TestNG_Demo.FirstTest" name="testone" time="0.018"/>
  <system-out/>
</testsuite> <!-- com.simplilearn.testng.TestNG_Demo.FirstTest -->
