<?xml version="1.0" encoding="UTF-8"?>
<!-- Generated by org.testng.reporters.JUnitReportReporter -->
<testsuite hostname="DESKTOP-Q75J1RK" failures="0" tests="2" name="com.simplilearn.automatingwebsite.Automate_Web_App_usingTestNG.AutomateRegistration" time="70.883" errors="0" timestamp="2022-03-31T13:52:17 IST" skipped="0">
  <testcase classname="com.simplilearn.automatingwebsite.Automate_Web_App_usingTestNG.AutomateRegistration" name="login" time="12.194"/>
  <system-out/>
  <testcase classname="com.simplilearn.automatingwebsite.Automate_Web_App_usingTestNG.AutomateRegistration" name="launchFacebook" time="58.689"/>
  <system-out/>
</testsuite> <!-- com.simplilearn.automatingwebsite.Automate_Web_App_usingTestNG.AutomateRegistration -->
