<?xml version="1.0" encoding="UTF-8"?>
<!-- Generated by org.testng.reporters.JUnitReportReporter -->
<testsuite hostname="DESKTOP-Q75J1RK" failures="0" tests="2" name="com.simplilearn.automatingwebsite.Automate_Web_App_usingTestNG.FacbookLogin" time="31.477" errors="0" timestamp="2022-03-31T13:52:16 IST" skipped="0">
  <testcase classname="com.simplilearn.automatingwebsite.Automate_Web_App_usingTestNG.FacbookLogin" name="login" time="10.453"/>
  <system-out/>
  <testcase classname="com.simplilearn.automatingwebsite.Automate_Web_App_usingTestNG.FacbookLogin" name="launchFacebook" time="21.024"/>
  <system-out/>
</testsuite> <!-- com.simplilearn.automatingwebsite.Automate_Web_App_usingTestNG.FacbookLogin -->
