<?xml version="1.0" encoding="UTF-8"?>
<!-- Generated by org.testng.reporters.JUnitReportReporter -->
<testsuite hostname="DESKTOP-Q75J1RK" failures="0" tests="2" name="com.simplilearn.automatingwebsite.Automate_Web_App_usingTestNG.HandlingInvalidLogin" time="57.174" errors="0" timestamp="2022-03-31T13:52:17 IST" skipped="0">
  <testcase classname="com.simplilearn.automatingwebsite.Automate_Web_App_usingTestNG.HandlingInvalidLogin" name="launchFacebook" time="56.272"/>
  <system-out/>
  <testcase classname="com.simplilearn.automatingwebsite.Automate_Web_App_usingTestNG.HandlingInvalidLogin" name="login" time="0.902"/>
  <system-out/>
</testsuite> <!-- com.simplilearn.automatingwebsite.Automate_Web_App_usingTestNG.HandlingInvalidLogin -->
