<?xml version="1.0" encoding="UTF-8"?>
<!-- Generated by org.testng.reporters.JUnitReportReporter -->
<testsuite hostname="DESKTOP-Q75J1RK" failures="0" tests="2" name="com.simplilearn.grouptest.FacebookLoginTestNG_UsingGroup.FacbookLogin" time="4.951" errors="0" timestamp="2022-03-17T13:43:54 IST" skipped="0">
  <testcase classname="com.simplilearn.grouptest.FacebookLoginTestNG_UsingGroup.FacbookLogin" name="launchFacebook" time="4.464"/>
  <system-out/>
  <testcase classname="com.simplilearn.grouptest.FacebookLoginTestNG_UsingGroup.FacbookLogin" name="login" time="0.487"/>
  <system-out/>
</testsuite> <!-- com.simplilearn.grouptest.FacebookLoginTestNG_UsingGroup.FacbookLogin -->
