<?xml version="1.0" encoding="UTF-8"?>
<!-- Generated by org.testng.reporters.JUnitReportReporter -->
<testsuite hostname="DESKTOP-Q75J1RK" failures="0" tests="3" name="com.simplilearn.assertiontest.AssertionTestUsing_TestNG.AssertionTest" time="45.862" errors="0" timestamp="2022-03-17T13:42:29 IST" skipped="0">
  <testcase classname="com.simplilearn.assertiontest.AssertionTestUsing_TestNG.AssertionTest" name="launch" time="31.259"/>
  <system-out/>
  <testcase classname="com.simplilearn.assertiontest.AssertionTestUsing_TestNG.AssertionTest" name="login" time="2.493"/>
  <system-out/>
  <testcase classname="com.simplilearn.assertiontest.AssertionTestUsing_TestNG.AssertionTest" name="facebook" time="12.110"/>
  <system-out/>
</testsuite> <!-- com.simplilearn.assertiontest.AssertionTestUsing_TestNG.AssertionTest -->
